建立数据表 ucenter_applications ... 成功
建立数据表 ucenter_members ... 成功
建立数据表 ucenter_memberfields ... 成功
建立数据表 ucenter_memberlogs ... 成功
建立数据表 ucenter_newpm ... 成功
建立数据表 ucenter_friends ... 成功
建立数据表 ucenter_tags ... 成功
建立数据表 ucenter_sqlcache ... 成功
建立数据表 ucenter_settings ... 成功
建立数据表 ucenter_badwords ... 成功
建立数据表 ucenter_notelist ... 成功
建立数据表 ucenter_domains ... 成功
建立数据表 ucenter_feeds ... 成功
建立数据表 ucenter_admins ... 成功
建立数据表 ucenter_failedlogins ... 成功
建立数据表 ucenter_protectedmembers ... 成功
建立数据表 ucenter_mergemembers ... 成功
建立数据表 ucenter_vars ... 成功
建立数据表 ucenter_mailqueue ... 成功
建立数据表 ucenter_pm_members ... 成功
建立数据表 ucenter_pm_lists ... 成功
建立数据表 ucenter_pm_indexes ... 成功
建立数据表 ucenter_pm_messages_0 ... 成功
建立数据表 ucenter_pm_messages_1 ... 成功
建立数据表 ucenter_pm_messages_2 ... 成功
建立数据表 ucenter_pm_messages_3 ... 成功
建立数据表 ucenter_pm_messages_4 ... 成功
建立数据表 ucenter_pm_messages_5 ... 成功
建立数据表 ucenter_pm_messages_6 ... 成功
建立数据表 ucenter_pm_messages_7 ... 成功
建立数据表 ucenter_pm_messages_8 ... 成功
建立数据表 ucenter_pm_messages_9 ... 成功
清空目录 ./uc_server/data/cache
清空目录 ./uc_server/data/view
建立数据表 common_admincp_cmenu  ... 成功
建立数据表 common_admincp_group  ... 成功
建立数据表 common_admincp_member  ... 成功
建立数据表 common_admincp_perm  ... 成功
建立数据表 common_admincp_session  ... 成功
建立数据表 common_admingroup  ... 成功
建立数据表 common_adminnote  ... 成功
建立数据表 common_advertisement  ... 成功
建立数据表 common_advertisement_custom  ... 成功
建立数据表 common_banned  ... 成功
建立数据表 common_block  ... 成功
建立数据表 common_block_favorite  ... 成功
建立数据表 common_block_item  ... 成功
建立数据表 common_block_item_data  ... 成功
建立数据表 common_block_permission  ... 成功
建立数据表 common_block_pic  ... 成功
建立数据表 common_block_style  ... 成功
建立数据表 common_block_xml  ... 成功
建立数据表 common_cache  ... 成功
建立数据表 common_card  ... 成功
建立数据表 common_card_log  ... 成功
建立数据表 common_card_type  ... 成功
建立数据表 common_connect_guest  ... 成功
建立数据表 common_credit_log  ... 成功
建立数据表 common_credit_log_field  ... 成功
建立数据表 common_credit_rule  ... 成功
建立数据表 common_credit_rule_log  ... 成功
建立数据表 common_credit_rule_log_field  ... 成功
建立数据表 common_cron  ... 成功
建立数据表 common_smsgw  ... 成功
建立数据表 common_smslog  ... 成功
建立数据表 common_smslog_archive  ... 成功
建立数据表 common_devicetoken  ... 成功
建立数据表 common_district  ... 成功
建立数据表 common_diy_data  ... 成功
建立数据表 common_domain  ... 成功
建立数据表 common_failedip  ... 成功
建立数据表 common_failedlogin  ... 成功
建立数据表 common_friendlink  ... 成功
建立数据表 common_grouppm  ... 成功
建立数据表 common_invite  ... 成功
建立数据表 common_magic  ... 成功
建立数据表 common_magiclog  ... 成功
建立数据表 common_mailcron  ... 成功
建立数据表 common_mailqueue  ... 成功
建立数据表 common_member  ... 成功
建立数据表 common_member_action_log  ... 成功
建立数据表 common_member_connect  ... 成功
建立数据表 common_member_count  ... 成功
建立数据表 common_member_crime  ... 成功
建立数据表 common_member_field_forum  ... 成功
建立数据表 common_member_field_home  ... 成功
建立数据表 common_member_forum_buylog  ... 成功
建立数据表 common_member_grouppm  ... 成功
建立数据表 common_member_magic  ... 成功
建立数据表 common_member_medal  ... 成功
建立数据表 common_member_newprompt  ... 成功
建立数据表 common_member_profile  ... 成功
建立数据表 common_member_profile_history  ... 成功
建立数据表 common_member_profile_setting  ... 成功
建立数据表 common_member_security  ... 成功
建立数据表 common_member_secwhite  ... 成功
建立数据表 common_member_stat_field  ... 成功
建立数据表 common_member_status  ... 成功
建立数据表 common_member_validate  ... 成功
建立数据表 common_member_verify  ... 成功
建立数据表 common_member_verify_info  ... 成功
建立数据表 common_mytask  ... 成功
建立数据表 common_nav  ... 成功
建立数据表 common_onlinetime  ... 成功
建立数据表 common_optimizer  ... 成功
建立数据表 common_patch  ... 成功
建立数据表 common_plugin  ... 成功
建立数据表 common_pluginvar  ... 成功
建立数据表 common_process  ... 成功
建立数据表 common_regip  ... 成功
建立数据表 common_relatedlink  ... 成功
建立数据表 common_report  ... 成功
建立数据表 common_searchindex  ... 成功
建立数据表 common_seccheck  ... 成功
建立数据表 common_secquestion  ... 成功
建立数据表 common_session  ... 成功
建立数据表 common_setting  ... 成功
建立数据表 common_smiley  ... 成功
建立数据表 common_sphinxcounter  ... 成功
建立数据表 common_stat  ... 成功
建立数据表 common_statuser  ... 成功
建立数据表 common_style  ... 成功
建立数据表 common_stylevar  ... 成功
建立数据表 common_syscache  ... 成功
建立数据表 common_tag  ... 成功
建立数据表 common_tagitem  ... 成功
建立数据表 common_task  ... 成功
建立数据表 common_taskvar  ... 成功
建立数据表 common_template  ... 成功
建立数据表 common_template_block  ... 成功
建立数据表 common_template_permission  ... 成功
建立数据表 common_uin_black  ... 成功
建立数据表 common_usergroup  ... 成功
建立数据表 common_usergroup_field  ... 成功
建立数据表 common_visit  ... 成功
建立数据表 common_word  ... 成功
建立数据表 common_word_type  ... 成功
建立数据表 common_payment_order  ... 成功
建立数据表 common_payment_refund  ... 成功
建立数据表 common_payment_transfer  ... 成功
建立数据表 connect_disktask  ... 成功
建立数据表 connect_feedlog  ... 成功
建立数据表 connect_memberbindlog  ... 成功
建立数据表 connect_postfeedlog  ... 成功
建立数据表 connect_tthreadlog  ... 成功
建立数据表 forum_access  ... 成功
建立数据表 forum_activity  ... 成功
建立数据表 forum_activityapply  ... 成功
建立数据表 forum_announcement  ... 成功
建立数据表 forum_attachment  ... 成功
建立数据表 forum_attachment_0  ... 成功
建立数据表 forum_attachment_1  ... 成功
建立数据表 forum_attachment_2  ... 成功
建立数据表 forum_attachment_3  ... 成功
建立数据表 forum_attachment_4  ... 成功
建立数据表 forum_attachment_5  ... 成功
建立数据表 forum_attachment_6  ... 成功
建立数据表 forum_attachment_7  ... 成功
建立数据表 forum_attachment_8  ... 成功
建立数据表 forum_attachment_9  ... 成功
建立数据表 forum_attachment_exif  ... 成功
建立数据表 forum_attachment_unused  ... 成功
建立数据表 forum_attachtype  ... 成功
建立数据表 forum_bbcode  ... 成功
建立数据表 forum_collection  ... 成功
建立数据表 forum_collectioncomment  ... 成功
建立数据表 forum_collectionfollow  ... 成功
建立数据表 forum_collectioninvite  ... 成功
建立数据表 forum_collectionrelated  ... 成功
建立数据表 forum_collectionteamworker  ... 成功
建立数据表 forum_collectionthread  ... 成功
建立数据表 forum_creditslog  ... 成功
建立数据表 forum_debate  ... 成功
建立数据表 forum_debatepost  ... 成功
建立数据表 forum_faq  ... 成功
建立数据表 forum_filter_post  ... 成功
建立数据表 forum_forum  ... 成功
建立数据表 forum_forum_threadtable  ... 成功
建立数据表 forum_forumfield  ... 成功
建立数据表 forum_forumrecommend  ... 成功
建立数据表 forum_groupcreditslog  ... 成功
建立数据表 forum_groupfield  ... 成功
建立数据表 forum_groupinvite  ... 成功
建立数据表 forum_grouplevel  ... 成功
建立数据表 forum_groupuser  ... 成功
建立数据表 forum_hotreply_member  ... 成功
建立数据表 forum_hotreply_number  ... 成功
建立数据表 forum_imagetype  ... 成功
建立数据表 forum_medal  ... 成功
建立数据表 forum_medallog  ... 成功
建立数据表 forum_memberrecommend  ... 成功
建立数据表 forum_moderator  ... 成功
建立数据表 forum_modwork  ... 成功
建立数据表 forum_newthread  ... 成功
建立数据表 forum_onlinelist  ... 成功
建立数据表 forum_order  ... 成功
建立数据表 forum_poll  ... 成功
建立数据表 forum_polloption  ... 成功
建立数据表 forum_polloption_image  ... 成功
建立数据表 forum_pollvoter  ... 成功
建立数据表 forum_post  ... 成功
建立数据表 forum_post_location  ... 成功
建立数据表 forum_post_moderate  ... 成功
建立数据表 forum_post_tableid  ... 成功
建立数据表 forum_postcache  ... 成功
建立数据表 forum_postcomment  ... 成功
建立数据表 forum_post_history  ... 成功
建立数据表 forum_poststick  ... 成功
建立数据表 forum_promotion  ... 成功
建立数据表 forum_ratelog  ... 成功
建立数据表 forum_relatedthread  ... 成功
建立数据表 forum_replycredit  ... 成功
建立数据表 forum_rsscache  ... 成功
建立数据表 forum_sofa  ... 成功
建立数据表 forum_spacecache  ... 成功
建立数据表 forum_statlog  ... 成功
建立数据表 forum_thread  ... 成功
建立数据表 forum_thread_moderate  ... 成功
建立数据表 forum_threadaddviews  ... 成功
建立数据表 forum_threadcalendar  ... 成功
建立数据表 forum_threadclass  ... 成功
建立数据表 forum_threadclosed  ... 成功
建立数据表 forum_threaddisablepos  ... 成功
建立数据表 forum_threadhidelog  ... 成功
建立数据表 forum_threadhot  ... 成功
建立数据表 forum_threadimage  ... 成功
建立数据表 forum_threadmod  ... 成功
建立数据表 forum_threadpartake  ... 成功
建立数据表 forum_threadpreview  ... 成功
建立数据表 forum_threadprofile  ... 成功
建立数据表 forum_threadprofile_group  ... 成功
建立数据表 forum_threadrush  ... 成功
建立数据表 forum_threadtype  ... 成功
建立数据表 forum_trade  ... 成功
建立数据表 forum_tradecomment  ... 成功
建立数据表 forum_tradelog  ... 成功
建立数据表 forum_typeoption  ... 成功
建立数据表 forum_typeoptionvar  ... 成功
建立数据表 forum_typevar  ... 成功
建立数据表 forum_warning  ... 成功
建立数据表 home_album  ... 成功
建立数据表 home_album_category  ... 成功
建立数据表 home_blacklist  ... 成功
建立数据表 home_blog  ... 成功
建立数据表 home_blog_category  ... 成功
建立数据表 home_blog_moderate  ... 成功
建立数据表 home_blogfield  ... 成功
建立数据表 home_class  ... 成功
建立数据表 home_click  ... 成功
建立数据表 home_clickuser  ... 成功
建立数据表 home_comment  ... 成功
建立数据表 home_comment_moderate  ... 成功
建立数据表 home_docomment  ... 成功
建立数据表 home_doing  ... 成功
建立数据表 home_doing_moderate  ... 成功
建立数据表 home_favorite  ... 成功
建立数据表 home_feed  ... 成功
建立数据表 home_follow  ... 成功
建立数据表 home_follow_feed  ... 成功
建立数据表 home_follow_feed_archiver  ... 成功
建立数据表 home_friend  ... 成功
建立数据表 home_friend_request  ... 成功
建立数据表 home_friendlog  ... 成功
建立数据表 home_notification  ... 成功
建立数据表 home_pic  ... 成功
建立数据表 home_pic_moderate  ... 成功
建立数据表 home_picfield  ... 成功
建立数据表 home_poke  ... 成功
建立数据表 home_pokearchive  ... 成功
建立数据表 home_share  ... 成功
建立数据表 home_share_moderate  ... 成功
建立数据表 home_show  ... 成功
建立数据表 home_specialuser  ... 成功
建立数据表 home_visitor  ... 成功
建立数据表 mobile_setting  ... 成功
建立数据表 portal_article_content  ... 成功
建立数据表 portal_article_count  ... 成功
建立数据表 portal_article_moderate  ... 成功
建立数据表 portal_article_related  ... 成功
建立数据表 portal_article_title  ... 成功
建立数据表 portal_article_trash  ... 成功
建立数据表 portal_attachment  ... 成功
建立数据表 portal_category  ... 成功
建立数据表 portal_category_permission  ... 成功
建立数据表 portal_comment  ... 成功
建立数据表 portal_comment_moderate  ... 成功
建立数据表 portal_rsscache  ... 成功
建立数据表 portal_topic  ... 成功
建立数据表 portal_topic_pic  ... 成功
建立数据表 security_evilpost  ... 成功
建立数据表 security_eviluser  ... 成功
建立数据表 security_failedlog  ... 成功
数据库表创建完成
正在初始化数据表中的数据 common_admingroup  ... 成功
正在初始化数据表中的数据 common_adminnote  ... 成功
正在初始化数据表中的数据 common_credit_rule  ... 成功
正在初始化数据表中的数据 common_cron  ... 成功
正在初始化数据表中的数据 common_friendlink  ... 成功
正在初始化数据表中的数据 common_member_profile_setting  ... 成功
正在初始化数据表中的数据 common_nav  ... 成功
正在初始化数据表中的数据 common_setting  ... 成功
正在初始化数据表中的数据 common_smiley  ... 成功
正在初始化数据表中的数据 common_statuser  ... 成功
正在初始化数据表中的数据 common_style  ... 成功
正在初始化数据表中的数据 common_stylevar  ... 成功
正在初始化数据表中的数据 common_template  ... 成功
正在初始化数据表中的数据 common_usergroup  ... 成功
正在初始化数据表中的数据 common_usergroup_field  ... 成功
正在初始化数据表中的数据 common_word_type  ... 成功
正在初始化数据表中的数据 forum_bbcode  ... 成功
正在初始化数据表中的数据 forum_forum  ... 成功
正在初始化数据表中的数据 forum_forumfield  ... 成功
正在初始化数据表中的数据 forum_grouplevel  ... 成功
正在初始化数据表中的数据 forum_imagetype  ... 成功
正在初始化数据表中的数据 forum_medal  ... 成功
正在初始化数据表中的数据 forum_onlinelist  ... 成功
正在初始化数据表中的数据 forum_typeoption  ... 成功
正在初始化数据表中的数据 home_click  ... 成功
正在初始化数据表中的数据 common_block_style  ... 成功
正在初始化数据表中的数据 common_admincp_group  ... 成功
正在初始化数据表中的数据 common_admincp_perm  ... 成功
正在初始化数据表中的数据 forum_threadprofile  ... 成功
正在安装数据 ... 
正在安装数据成功
正在安装附加数据 :  
正在初始化数据表中的数据 common_district  ... 成功
正在初始化数据表中的数据 common_district  ... 成功
正在初始化数据表中的数据 common_district  ... 成功
清空目录 ./data/template
清空目录 ./data/cache
清空目录 ./data/threadcache
清空目录 ./uc_client/data
清空目录 ./uc_client/data/cache
数据库数据初始化完成
